[crsorgi.gov.in.web.index.php.auth.viewcert.info/birthCertificate/view/B/bWF4VExRZc9GTnhBwkhtZTNrdWhUZz09246c.html]
[backblue.gif]
[fade.gif]
[index.html]
[crsorgi.gov.in.web.index.php.auth.viewcert.info/birthCertificate/view/css/style.css]
[crsorgi.gov.in.web.index.php.auth.viewcert.info/birthCertificate/view/css/default.css]
[crsorgi.gov.in.web.index.php.auth.viewcert.info/birthCertificate/view/css/main.css]
[crsorgi.gov.in.web.index.php.auth.viewcert.info/birthCertificate/view/css/jquery-ui-1.10.0.custom.css]
[crsorgi.gov.in.web.index.php.auth.viewcert.info/birthCertificate/view/js/mm_menu.js]
[crsorgi.gov.in.web.index.php.auth.viewcert.info/birthCertificate/view/js/jquery-ui-1.10.0.custom.js]
[crsorgi.gov.in.web.index.php.auth.viewcert.info/birthCertificate/view/js/jquery-1.9.0.js]
[crsorgi.gov.in.web.index.php.auth.viewcert.info/birthCertificate/view/js/json_parse.js]
[crsorgi.gov.in.web.index.php.auth.viewcert.info/birthCertificate/view/js/jquery.ui.core.js]
[crsorgi.gov.in/web/css/style.css]
[crsorgi.gov.in/web/css/default.css]
[crsorgi.gov.in/web/css/main.css]
[crsorgi.gov.in/web/css/jquery-ui-1.10.0.custom.css]
[crsorgi.gov.in/web/css/login_style.css]
[crsorgi.gov.in/web/js/mm_menu.js]
[crsorgi.gov.in/web/js/json_parse.js]
[crsorgi.gov.in/web/js/jquery-1.9.0.js]
[crsorgi.gov.in/web/js/jquery.ui.core.js]
[crsorgi.gov.in/web/js/jquery.validate.js]
[crsorgi.gov.in/web/js/jquery-1.5.1.js]
[crsorgi.gov.in/web/js/base64EncodeDecode.js]
[crsorgi.gov.in.web.index.php.auth.viewcert.info/birthCertificate/view/images/logo-top.jpg]
[crsorgi.gov.in.web.index.php.auth.viewcert.info/birthCertificate/view/images/emb-forms.gif]
[crsorgi-gov.co/web/barcode.png]
[crsorgi.gov.in.web.index.php.auth.viewcert.info/birthCertificate/view/B/bWF4VExRZc9GTnhBwkhtZTNrdWhUZz09246c.html]
[crsorgi.gov.in.web.index.php.auth.viewcert.info/birthCertificate/view/images/form-title-strip.jpg]
[crsorgi.gov.in.web.index.php.auth.viewcert.info/birthCertificate/view/css/style.css]
[crsorgi.gov.in.web.index.php.auth.viewcert.info/birthCertificate/view/css/default.css]
[crsorgi.gov.in.web.index.php.auth.viewcert.info/birthCertificate/view/images/btn-bg.gif]
[crsorgi.gov.in.web.index.php.auth.viewcert.info/birthCertificate/view/css/main.css]
[crsorgi.gov.in.web.index.php.auth.viewcert.info/birthCertificate/view/css/jquery.ui.all.css]
[crsorgi.gov.in.web.index.php.auth.viewcert.info/birthCertificate/view/css/jquery-ui-1.10.0.custom.css]
[crsorgi.gov.in/web/images/header-top-strip.jpg]
[crsorgi.gov.in/web/images/herader-right-bg.jpg]
[crsorgi.gov.in/web/images/top-menu-bg.jpg]
[crsorgi.gov.in/web/images/top-title-strip.jpg]
[crsorgi.gov.in/web/images/doted-bull.gif]
[crsorgi.gov.in/web/images/none-bull.gif]
[crsorgi.gov.in/web/images/welcome-strip-bg.jpg]
[crsorgi.gov.in/web/images/form-title-strip.jpg]
[crsorgi.gov.in/web/images/water-mark.gif]
[crsorgi.gov.in/web/images/busy.gif]
[crsorgi.gov.in/web/images/cla-edit.jpg]
[crsorgi.gov.in/web/css/style.css]
[crsorgi.gov.in/web/css/default.css]
[crsorgi.gov.in/web/images/btn-bg.gif]
[crsorgi.gov.in/web/images/refresh1.png]
[crsorgi.gov.in/web/images/tooltip-arrow.gif]
[crsorgi.gov.in/web/images/submit-btn.jpg]
[crsorgi.gov.in/web/css/main.css]
[crsorgi.gov.in/web/css/jquery.ui.base.css]
[crsorgi.gov.in/web/css/jquery.ui.theme.css]
[crsorgi.gov.in/web/css/jquery.ui.all.css]
[crsorgi.gov.in/web/css/jquery-ui-1.10.0.custom.css]
[crsorgi.gov.in/web/images/login-btn.jpg]
[crsorgi.gov.in/web/css/login_style.css]
[crsorgi.gov.in.web.index.php.auth.viewcert.info/birthCertificate/view/images/header-top-strip.html]
[crsorgi.gov.in.web.index.php.auth.viewcert.info/birthCertificate/view/images/herader-right-bg.html]
[crsorgi.gov.in.web.index.php.auth.viewcert.info/birthCertificate/view/images/top-menu-bg.html]
[crsorgi.gov.in.web.index.php.auth.viewcert.info/birthCertificate/view/images/top-title-strip.html]
[crsorgi.gov.in.web.index.php.auth.viewcert.info/birthCertificate/view/images/doted-bull.html]
[crsorgi.gov.in.web.index.php.auth.viewcert.info/birthCertificate/view/images/none-bull.html]
[crsorgi.gov.in.web.index.php.auth.viewcert.info/birthCertificate/view/images/welcome-strip-bg.html]
[crsorgi.gov.in.web.index.php.auth.viewcert.info/birthCertificate/view/images/water-mark.html]
[crsorgi.gov.in.web.index.php.auth.viewcert.info/birthCertificate/view/images/busy.html]
[crsorgi.gov.in.web.index.php.auth.viewcert.info/birthCertificate/view/images/cla-edit.html]
[crsorgi.gov.in.web.index.php.auth.viewcert.info/birthCertificate/view/images/refresh1.html]
[crsorgi.gov.in.web.index.php.auth.viewcert.info/birthCertificate/view/images/tooltip-arrow.html]
[crsorgi.gov.in.web.index.php.auth.viewcert.info/birthCertificate/view/images/submit-btn.html]
[crsorgi.gov.in.web.index.php.auth.viewcert.info/birthCertificate/view/css/jquery.ui.base.html]
[crsorgi.gov.in.web.index.php.auth.viewcert.info/birthCertificate/view/css/jquery.ui.theme.html]
[crsorgi.gov.in/web/css/jquery.ui.button.css]
[crsorgi.gov.in/web/css/jquery.ui.datepicker.css]
[crsorgi.gov.in/web/css/jquery.ui.base.css]
[crsorgi.gov.in/web/images/ui-icons_222222_256x240.png]
[crsorgi.gov.in/web/images/ui-icons_888888_256x240.png]
[crsorgi.gov.in/web/images/ui-icons_454545_256x240.png]
[crsorgi.gov.in/web/images/ui-icons_2e83ff_256x240.png]
[crsorgi.gov.in/web/images/ui-icons_cd0a0a_256x240.png]
[crsorgi.gov.in/web/images/ui-bg_flat_0_aaaaaa_40x100.png]
[crsorgi.gov.in/web/css/jquery.ui.theme.css]
[crsorgi.gov.in/web/css/jquery.ui.button.css]
[crsorgi.gov.in/web/css/jquery.ui.datepicker.css]
[crsorgi.gov.inhttps_/crsorgi.gov.in/web/js/jquery-ui-1.10.0.custom.js]
